<?xml version="1.0" encoding="UTF-8"?>
<testsuite xmlns:xsi="http://www.w3.org/2001/XMLSchema-instance" xsi:noNamespaceSchemaLocation="https://maven.apache.org/surefire/maven-surefire-plugin/xsd/surefire-test-report.xsd" version="3.0.2" name="shootingplace.ShootingplaceApplicationTests" time="20.051" tests="1" errors="0" skipped="0" failures="0">
  <properties>
[...]
</properties>
  <testcase name="contextLoads" classname="shootingplace.ShootingplaceApplicationTests" time="0.889">
    <system-out><![CDATA[
  .   ____          _            __ _ _
 /\\ / ___'_ __ _ _(_)_ __  __ _ \ \ \ \
( ( )\___ | '_ | '_| | '_ \/ _` | \ \ \ \
 \\/  ___)| |_)| | | | | || (_| |  ) ) ) )
  '  |____| .__|_| |_|_| |_\__, | / / / /
 =========|_|==============|___/=/_/_/_/

 :: Spring Boot ::                (v3.4.6)

2025-12-04T01:34:46.984+01:00  INFO 13972 --- [           main] s.ShootingplaceApplicationTests          : Starting ShootingplaceApplicationTests using Java 21.0.1 with PID 13972 (started by izebr in C:\Users\izebr\IdeaProjects\shootingplace2.0)
2025-12-04T01:34:46.989+01:00  INFO 13972 --- [           main] s.ShootingplaceApplicationTests          : The following 1 profile is active: "guardians"
2025-12-04T01:34:49.555+01:00  INFO 13972 --- [           main] .s.d.r.c.RepositoryConfigurationDelegate : Bootstrapping Spring Data JPA repositories in DEFAULT mode.
2025-12-04T01:34:50.073+01:00  INFO 13972 --- [           main] .s.d.r.c.RepositoryConfigurationDelegate : Finished Spring Data repository scanning in 495 ms. Found 43 JPA repository interfaces.
2025-12-04T01:34:51.619+01:00  INFO 13972 --- [           main] o.hibernate.jpa.internal.util.LogHelper  : HHH000204: Processing PersistenceUnitInfo [name: default]
2025-12-04T01:34:51.793+01:00  INFO 13972 --- [           main] org.hibernate.Version                    : HHH000412: Hibernate ORM core version 6.6.15.Final
2025-12-04T01:34:51.892+01:00  INFO 13972 --- [           main] o.h.c.internal.RegionFactoryInitiator    : HHH000026: Second-level cache disabled
2025-12-04T01:34:52.699+01:00  INFO 13972 --- [           main] o.s.o.j.p.SpringPersistenceUnitInfo      : No LoadTimeWeaver setup: ignoring JPA class transformer
2025-12-04T01:34:52.774+01:00  INFO 13972 --- [           main] com.zaxxer.hikari.HikariDataSource       : HikariPool-1 - Starting...
2025-12-04T01:34:53.664+01:00  INFO 13972 --- [           main] com.zaxxer.hikari.pool.HikariPool        : HikariPool-1 - Added connection com.mysql.cj.jdbc.ConnectionImpl@323efafe
2025-12-04T01:34:53.681+01:00  INFO 13972 --- [           main] com.zaxxer.hikari.HikariDataSource       : HikariPool-1 - Start completed.
2025-12-04T01:34:53.909+01:00  INFO 13972 --- [           main] org.hibernate.orm.connections.pooling    : HHH10001005: Database info:
	Database JDBC URL [Connecting through datasource 'HikariDataSource (HikariPool-1)']
	Database driver: undefined/unknown
	Database version: 8.0.31
	Autocommit mode: undefined/unknown
	Isolation level: undefined/unknown
	Minimum pool size: undefined/unknown
	Maximum pool size: undefined/unknown
2025-12-04T01:34:57.971+01:00  INFO 13972 --- [           main] o.h.e.t.j.p.i.JtaPlatformInitiator       : HHH000489: No JTA platform available (set 'hibernate.transaction.jta.platform' to enable JTA platform integration)
2025-12-04T01:34:58.647+01:00  INFO 13972 --- [           main] j.LocalContainerEntityManagerFactoryBean : Initialized JPA EntityManagerFactory for persistence unit 'default'
2025-12-04T01:34:59.557+01:00  INFO 13972 --- [           main] o.s.d.j.r.query.QueryEnhancerFactory     : Hibernate is in classpath; If applicable, HQL parser will be used.
2025-12-04T01:35:01.724+01:00  INFO 13972 --- [           main] s.s.c.StartConfiguration$$SpringCGLIB$$0 : dateTime property: 2025-12-04T01:35:01.715992400
2025-12-04T01:35:01.725+01:00  INFO 13972 --- [           main] s.s.c.StartConfiguration$$SpringCGLIB$$0 : sendMail property: true
Your current IP address : LAPTOP-7519O9AM/10.79.231.147
Your current Hostname : LAPTOP-7519O9AM
2025-12-04T01:35:03.367+01:00  WARN 13972 --- [           main] JpaBaseConfiguration$JpaWebConfiguration : spring.jpa.open-in-view is enabled by default. Therefore, database queries may be performed during view rendering. Explicitly configure spring.jpa.open-in-view to disable this warning
2025-12-04T01:35:04.416+01:00  INFO 13972 --- [           main] c.s.s.w.WorkingTimeEvidenceService       : zamykam to co jest otwarte
2025-12-04T01:35:04.431+01:00  INFO 13972 --- [           main] s.ShootingplaceApplicationTests          : Started ShootingplaceApplicationTests in 18.335 seconds (process running for 20.095)
]]></system-out>
    <system-err><![CDATA[Mockito is currently self-attaching to enable the inline-mock-maker. This will no longer work in future releases of the JDK. Please add Mockito as an agent to your build what is described in Mockito's documentation: https://javadoc.io/doc/org.mockito/mockito-core/latest/org/mockito/Mockito.html#0.3
WARNING: A Java agent has been loaded dynamically (C:\Users\izebr\.m2\repository\net\bytebuddy\byte-buddy-agent\1.15.11\byte-buddy-agent-1.15.11.jar)
WARNING: If a serviceability tool is in use, please run with -XX:+EnableDynamicAgentLoading to hide this warning
WARNING: If a serviceability tool is not in use, please run with -Djdk.instrument.traceUsage for more information
WARNING: Dynamic loading of agents will be disallowed by default in a future release
]]></system-err>
  </testcase>
</testsuite>